

13:54:25 -  
https://cpay.tranzzo.com/api/v1/payment

13:54:25 -  
{
    "headers": [
        "Accept: application\/json",
        "Content-Type: application\/json",
        "X-API-Auth: CPAY f7c2f217-1b4d-44a0-a83f-e70cc39590f4:YUhCbmUweFZBNXpxOFFYV0tUN1o5ZnJx",
        "X-API-KEY: AIzaSyAUjZNnSXbtbgkb0acup7UUBfBXbFak0bU"
    ]
}

13:54:25 -  
{
    "params": {
        "server_url": "http:\/\/drupalcommerce.shoubiznes.pp.ua\/payment\/notify\/tranzzo",
        "result_url": "http:\/\/drupalcommerce.shoubiznes.pp.ua\/checkout\/20\/payment\/return",
        "order_id": "20",
        "amount": 2,
        "currency": "UAH",
        "description": "Order #20",
        "products": [
            {
                "id": "1",
                "name": "test",
                "currency": "UAH",
                "amount": 1,
                "qty": 2
            }
        ],
        "pos_id": "d16ec0b1-819e-4ea4-9307-77a77907fed5",
        "mode": "hosted",
        "method": "purchase",
        "order_3ds_bypass": "supported"
    }
}

13:54:25 -  
{
    "httpcode": {
        "url": "https:\/\/cpay.tranzzo.com\/api\/v1\/payment",
        "content_type": null,
        "http_code": 303,
        "header_size": 690,
        "request_size": 705,
        "filetime": -1,
        "ssl_verify_result": 0,
        "redirect_count": 0,
        "total_time": 0.354778,
        "namelookup_time": 0.060614,
        "connect_time": 0.067074,
        "pretransfer_time": 0.092529,
        "size_upload": 429,
        "size_download": 0,
        "speed_download": 0,
        "speed_upload": 1209,
        "download_content_length": 0,
        "upload_content_length": 429,
        "starttransfer_time": 0.35476,
        "redirect_time": 0,
        "redirect_url": "https:\/\/cpay.tranzzo.com\/api\/v1\/checkout\/375775aa-734f-40a3-b72f-e534aaeb1ee2\/form",
        "primary_ip": "104.25.1.19",
        "certinfo": [],
        "primary_port": 443,
        "local_ip": "91.231.84.200",
        "local_port": 35454
    },
    "errno": 0,
    "result": false
}

13:54:25 -  
